#
# There is insufficient memory for the Java Runtime Environment to continue.
# Native memory allocation (mmap) failed to map 96468992 bytes. Error detail: G1 virtual space
# Possible reasons:
#   The system is out of physical RAM or swap space
#   This process is running with CompressedOops enabled, and the Java Heap may be blocking the growth of the native heap
# Possible solutions:
#   Reduce memory load on the system
#   Increase physical memory or swap space
#   Check if swap backing store is full
#   Decrease Java heap size (-Xmx/-Xms)
#   Decrease number of Java threads
#   Decrease Java thread stack sizes (-Xss)
#   Set larger code cache with -XX:ReservedCodeCacheSize=
#   JVM is running with Unscaled Compressed Oops mode in which the Java heap is
#     placed in the first 4GB address space. The Java Heap base address is the
#     maximum limit for the native heap growth. Please use -XX:HeapBaseMinAddress
#     to set the Java Heap base and to place the Java Heap above 4GB virtual address.
# This output file may be truncated or incomplete.
#
#  Out of Memory Error (os_windows.cpp:3707), pid=83376, tid=83904
#
# JRE version:  (23.0.2+7) (build )
# Java VM: OpenJDK 64-Bit Server VM (23.0.2+7-58, mixed mode, sharing, tiered, compressed oops, compressed class ptrs, g1 gc, windows-amd64)
# No core dump will be written. Minidumps are not enabled by default on client versions of Windows
#

---------------  S U M M A R Y ------------

Command Line: -Dnet.bytebuddy.agent.attacher.dump= net.bytebuddy.agent.Attacher com.sun.tools.attach.VirtualMachine 80112 C:\Users\muhamad fajar\.m2\repository\net\bytebuddy\byte-buddy-agent\1.15.11\byte-buddy-agent-1.15.11.jar false 

Host: AMD Ryzen 3 7320U with Radeon Graphics         , 8 cores, 5G,  Windows 11 , 64 bit Build 26100 (10.0.26100.3323)
Time: Thu Mar 27 06:43:39 2025 SE Asia Standard Time elapsed time: 1.993375 seconds (0d 0h 0m 1s)

---------------  T H R E A D  ---------------

Current thread (0x000001cb9c021fe0):  JavaThread "Unknown thread" [_thread_in_vm, id=83904, stack(0x0000009b72c00000,0x0000009b72d00000) (1024K)]

Stack: [0x0000009b72c00000,0x0000009b72d00000]
Native frames: (J=compiled Java code, j=interpreted, Vv=VM code, C=native code)
V  [jvm.dll+0x6e0b99]  (no source info available)
V  [jvm.dll+0x87e2b3]  (no source info available)
V  [jvm.dll+0x88073e]  (no source info available)
V  [jvm.dll+0x880e13]  (no source info available)
V  [jvm.dll+0x27b006]  (no source info available)
V  [jvm.dll+0x6dd485]  (no source info available)
V  [jvm.dll+0x6d127a]  (no source info available)
V  [jvm.dll+0x35b50a]  (no source info available)
V  [jvm.dll+0x363916]  (no source info available)
V  [jvm.dll+0x34fe7e]  (no source info available)
V  [jvm.dll+0x350118]  (no source info available)
V  [jvm.dll+0x328aec]  (no source info available)
V  [jvm.dll+0x32978e]  (no source info available)
V  [jvm.dll+0x8449a5]  (no source info available)
V  [jvm.dll+0x3b9a08]  (no source info available)
V  [jvm.dll+0x82d68c]  (no source info available)
V  [jvm.dll+0x454f2e]  (no source info available)
V  [jvm.dll+0x456db1]  (no source info available)
C  [jli.dll+0x52a3]  (no source info available)
C  [ucrtbase.dll+0x37b0]  (no source info available)
C  [KERNEL32.DLL+0x2e8d7]  (no source info available)
C  [ntdll.dll+0xbbf6c]  (no source info available)

Lock stack of current Java thread (top to bottom):


---------------  P R O C E S S  ---------------

Threads class SMR info:
_java_thread_list=0x00007fff8df44618, length=0, elements={
}

Java Threads: ( => current thread )
Total: 0

Other Threads:
  0x000001cb9e33fd20 WorkerThread "GC Thread#0"                     [id=83892, stack(0x0000009b72d00000,0x0000009b72e00000) (1024K)]
  0x000001cb9e34fb30 ConcurrentGCThread "G1 Main Marker"            [id=83912, stack(0x0000009b72e00000,0x0000009b72f00000) (1024K)]
  0x000001cb9e351560 WorkerThread "G1 Conc#0"                       [id=76488, stack(0x0000009b72f00000,0x0000009b73000000) (1024K)]

[error occurred during error reporting (printing all threads), id 0xc0000005, EXCEPTION_ACCESS_VIOLATION (0xc0000005) at pc=0x00007fff8d68c0da]
VM state: not at safepoint (not fully initialized)

VM Mutex/Monitor currently owned by a thread:  ([mutex/lock_event])
[0x00007fff8dfc4988] Heap_lock - owner thread: 0x000001cb9c021fe0

Heap address: 0x00000000a4200000, size: 1470 MB, Compressed Oops mode: 32-bit

CDS archive(s) mapped at: [0x0000000000000000-0x0000000000000000-0x0000000000000000), size 0, SharedBaseAddress: 0x0000000800000000, ArchiveRelocationMode: 1.
Narrow klass base: 0x0000000000000000, Narrow klass shift: 0, Narrow klass range: 0x0

GC Precious Log:
 CardTable entry size: 512
 Card Set container configuration: InlinePtr #cards 5 size 8 Array Of Cards #cards 10 size 36 Howl #buckets 4 coarsen threshold 1843 Howl Bitmap #cards 512 size 80 coarsen threshold 460 Card regions per heap region 1 cards per card region 2048

Heap:
 garbage-first heap   total reserved 1505280K, committed 0K, used 0K [0x00000000a4200000, 0x0000000100000000)
  region size 1024K, 0 young (0K), 0 survivors (0K)

[error occurred during error reporting (printing heap information), id 0xc0000005, EXCEPTION_ACCESS_VIOLATION (0xc0000005) at pc=0x00007fff8da8c6a9]
GC Heap History (0 events):
No events

Dll operation events (1 events):
Event: 0.040 Loaded shared library C:\Users\muhamad fajar\.jdks\openjdk-23.0.2\bin\java.dll

Deoptimization events (0 events):
No events

Classes loaded (0 events):
No events

Classes unloaded (0 events):
No events

Classes redefined (0 events):
No events

Internal exceptions (0 events):
No events

VM Operations (0 events):
No events

Memory protections (0 events):
No events

Nmethod flushes (0 events):
No events

Events (0 events):
No events


Dynamic libraries:
0x00007ff7e4ef0000 - 0x00007ff7e4efe000 	C:\Users\muhamad fajar\.jdks\openjdk-23.0.2\bin\java.exe
0x00007ff803ac0000 - 0x00007ff803d23000 	C:\WINDOWS\SYSTEM32\ntdll.dll
0x00007ff802d30000 - 0x00007ff802df7000 	C:\WINDOWS\System32\KERNEL32.DLL
0x00007ff801010000 - 0x00007ff8013d9000 	C:\WINDOWS\System32\KERNELBASE.dll
0x00007ff801530000 - 0x00007ff80167c000 	C:\WINDOWS\System32\ucrtbase.dll
0x00007fffef1d0000 - 0x00007fffef1eb000 	C:\Users\muhamad fajar\.jdks\openjdk-23.0.2\bin\VCRUNTIME140.dll
0x00007fffee8f0000 - 0x00007fffee907000 	C:\Users\muhamad fajar\.jdks\openjdk-23.0.2\bin\jli.dll
0x00007ff801b00000 - 0x00007ff801cca000 	C:\WINDOWS\System32\USER32.dll
0x00007ff801740000 - 0x00007ff801767000 	C:\WINDOWS\System32\win32u.dll
0x00007ff802fe0000 - 0x00007ff80300a000 	C:\WINDOWS\System32\GDI32.dll
0x00007ff800ed0000 - 0x00007ff801001000 	C:\WINDOWS\System32\gdi32full.dll
0x00007ff8013e0000 - 0x00007ff801483000 	C:\WINDOWS\System32\msvcp_win.dll
0x00007fffe9d20000 - 0x00007fffe9fb0000 	C:\WINDOWS\WinSxS\amd64_microsoft.windows.common-controls_6595b64144ccf1df_6.0.26100.3323_none_3e088096e3344490\COMCTL32.dll
0x00007ff802ae0000 - 0x00007ff802b89000 	C:\WINDOWS\System32\msvcrt.dll
0x00007ff801d60000 - 0x00007ff801d8f000 	C:\WINDOWS\System32\IMM32.DLL
0x00007ffffb690000 - 0x00007ffffb69c000 	C:\Users\muhamad fajar\.jdks\openjdk-23.0.2\bin\vcruntime140_1.dll
0x00007fffce4d0000 - 0x00007fffce55e000 	C:\Users\muhamad fajar\.jdks\openjdk-23.0.2\bin\msvcp140.dll
0x00007fff8d350000 - 0x00007fff8e0a0000 	C:\Users\muhamad fajar\.jdks\openjdk-23.0.2\bin\server\jvm.dll
0x00007ff803070000 - 0x00007ff803122000 	C:\WINDOWS\System32\ADVAPI32.dll
0x00007ff8019c0000 - 0x00007ff801a66000 	C:\WINDOWS\System32\sechost.dll
0x00007ff802c10000 - 0x00007ff802d26000 	C:\WINDOWS\System32\RPCRT4.dll
0x00007ff802e00000 - 0x00007ff802e74000 	C:\WINDOWS\System32\WS2_32.dll
0x00007ff800b50000 - 0x00007ff800b9e000 	C:\WINDOWS\SYSTEM32\POWRPROF.dll
0x00007ffff5530000 - 0x00007ffff5566000 	C:\WINDOWS\SYSTEM32\WINMM.dll
0x00007ffff4ea0000 - 0x00007ffff4eab000 	C:\WINDOWS\SYSTEM32\VERSION.dll
0x00007ff800b30000 - 0x00007ff800b44000 	C:\WINDOWS\SYSTEM32\UMPDC.dll
0x00007fffffad0000 - 0x00007fffffaea000 	C:\WINDOWS\SYSTEM32\kernel.appcore.dll
0x00007ffff4c60000 - 0x00007ffff4c6a000 	C:\Users\muhamad fajar\.jdks\openjdk-23.0.2\bin\jimage.dll
0x00007ffffe590000 - 0x00007ffffe7d1000 	C:\WINDOWS\SYSTEM32\DBGHELP.DLL
0x00007ff802750000 - 0x00007ff802ad2000 	C:\WINDOWS\System32\combase.dll
0x00007ff8018e0000 - 0x00007ff8019b6000 	C:\WINDOWS\System32\OLEAUT32.dll
0x00007fffe5a80000 - 0x00007fffe5ab9000 	C:\WINDOWS\SYSTEM32\dbgcore.DLL
0x00007ff801490000 - 0x00007ff801529000 	C:\WINDOWS\System32\bcryptPrimitives.dll
0x00007fffedb70000 - 0x00007fffedb8e000 	C:\Users\muhamad fajar\.jdks\openjdk-23.0.2\bin\java.dll
0x00007ff8025b0000 - 0x00007ff802745000 	C:\WINDOWS\System32\ole32.dll
0x00007ff801db0000 - 0x00007ff8024c5000 	C:\WINDOWS\System32\SHELL32.dll
0x00007ff801770000 - 0x00007ff8018d8000 	C:\WINDOWS\System32\wintypes.dll

dbghelp: loaded successfully - version: 4.0.5 - missing functions: none
symbol engine: initialized successfully - sym options: 0x614 - pdb path: .;C:\Users\muhamad fajar\.jdks\openjdk-23.0.2\bin;C:\WINDOWS\SYSTEM32;C:\WINDOWS\WinSxS\amd64_microsoft.windows.common-controls_6595b64144ccf1df_6.0.26100.3323_none_3e088096e3344490;C:\Users\muhamad fajar\.jdks\openjdk-23.0.2\bin\server

VM Arguments:
jvm_args: -Dnet.bytebuddy.agent.attacher.dump= 
java_command: net.bytebuddy.agent.Attacher com.sun.tools.attach.VirtualMachine 80112 C:\Users\muhamad fajar\.m2\repository\net\bytebuddy\byte-buddy-agent\1.15.11\byte-buddy-agent-1.15.11.jar false 
java_class_path (initial): C:\Users\muhamad fajar\.m2\repository\net\bytebuddy\byte-buddy-agent\1.15.11\byte-buddy-agent-1.15.11.jar
Launcher Type: SUN_STANDARD

[Global flags]
     intx CICompilerCount                          = 4                                         {product} {ergonomic}
     uint ConcGCThreads                            = 2                                         {product} {ergonomic}
     uint G1ConcRefinementThreads                  = 8                                         {product} {ergonomic}
   size_t G1HeapRegionSize                         = 1048576                                   {product} {ergonomic}
   size_t InitialHeapSize                          = 96468992                                  {product} {ergonomic}
   size_t MarkStackSize                            = 4194304                                   {product} {ergonomic}
   size_t MarkStackSizeMax                         = 536870912                                 {product} {ergonomic}
   size_t MaxHeapSize                              = 1541406720                                {product} {ergonomic}
   size_t MinHeapDeltaBytes                        = 1048576                                   {product} {ergonomic}
   size_t MinHeapSize                              = 8388608                                   {product} {ergonomic}
    uintx NonNMethodCodeHeapSize                   = 5832704                                {pd product} {ergonomic}
    uintx NonProfiledCodeHeapSize                  = 122945536                              {pd product} {ergonomic}
    uintx ProfiledCodeHeapSize                     = 122880000                              {pd product} {ergonomic}
    uintx ReservedCodeCacheSize                    = 251658240                              {pd product} {ergonomic}
     bool SegmentedCodeCache                       = true                                      {product} {ergonomic}
   size_t SoftMaxHeapSize                          = 1541406720                             {manageable} {ergonomic}
     bool UseCompressedOops                        = true                           {product lp64_product} {ergonomic}
     bool UseG1GC                                  = true                                      {product} {ergonomic}
     bool UseLargePagesIndividualAllocation        = false                                  {pd product} {ergonomic}

Logging:
Log output configuration:
 #0: stdout all=warning uptime,level,tags foldmultilines=false
 #1: stderr all=off uptime,level,tags foldmultilines=false

Environment Variables:
PATH=C:\Program Files\Common Files\Oracle\Java\javapath;C:\Program Files (x86)\Common Files\Oracle\Java\javapath;C:\WINDOWS\system32;C:\WINDOWS;C:\WINDOWS\System32\Wbem;C:\WINDOWS\System32\WindowsPowerShell\v1.0\;C:\WINDOWS\System32\OpenSSH\;D:\Data Aplikasi\Git\cmd;C:\Program Files\MongoDB\Server\6.0\bin;C:\mongosh\mongosh-1.10.0-win32-x64\bin;C:\xampp\php;C:\xampp\htdocs;D:\Matlab 2015\runtime\win64;D:\Matlab 2015\bin;D:\Matlab 2015\polyspace\bin;C:\Users\muhamad fajar\AppData\Roaming\Microsoft\Windows\Start Menu\Programs\Python 3.11;C:\Users\muhamad fajar\AppData\Local\Programs\Python\Python311\Scripts;D:\Software\mingw64\bin;C:\Program Files\Docker\Docker\resources\bin;D:\Data Aplikasi\nodejs\;C:\Users\muhamad fajar\Downloads\Image-ExifTool-12.84.tar.gz\Image-ExifTool-12.84;C:\Program Files\apache-maven-3.9.9\bin;D:\Data Aplikasi\Postgesql\bin;C:\Program Files\MySQL\MySQL Shell 8.0\bin\;C:\Program Files\Common Files\Oracle\Java\javapath;C:\Program Files (x86)\Common Files\Oracle\Java\javapath;C:\WINDOWS\system32;C:\WINDOWS;C:\WINDOWS\System32\Wbem;C:\WINDOWS\System32\WindowsPowerShell\v1.0\;C:\WINDOWS\System32\OpenSSH\;D:\Data Aplikasi\Git\cmd;D:\Data Aplikasi\nodejs\;C:\Program Files\MongoDB\Server\6.0\bin;C:\mongosh\mongosh-1.10.0-win32-x64\bin;C:\xampp\php;C:\xampp\htdocs;D:\Matlab 2015\runtime\win64;D:\Matlab 2015\bin;D:\Matlab 2015\polyspace\bin;C:\Users\muhamad fajar\AppData\Roaming\Microsoft\Windows\Start Menu\Programs\Python 3.11;C:\Users\muhamad fajar\AppData\Local\Programs\Python\Python311\Scripts;C:\Users\muhamad fajar\AppData\Local\Programs\Python\Python311\Scripts\;C:\Users\muhamad fajar\AppData\Local\Programs\Python\Python311\;C:\Users\muhamad fajar\AppData\Local\Microsoft\WindowsApps;C:\Users\muhamad fajar\AppData\Local\Programs\Microsoft VS Code\bin;C:\Program Files\JetBrains\IntelliJ IDEA Community Edition 2023.1.3\bin;C:\Users\Muha;C:\Users\muhamad fajar\AppData\Roaming\npm;C:\Users\muhamad fajar\AppData\Local\Microsoft\WindowsApps;D:\Data Aplikasi\Intellij\IntelliJ IDEA Community Edition 2024.3.4\bin;;D:\Data Aplikasi\Postgesql\bin;
USERNAME=muhamad fajar
OS=Windows_NT
PROCESSOR_IDENTIFIER=AMD64 Family 23 Model 160 Stepping 0, AuthenticAMD
TMP=C:\Users\MUHAMA~1\AppData\Local\Temp
TEMP=C:\Users\MUHAMA~1\AppData\Local\Temp




Periodic native trim disabled

---------------  S Y S T E M  ---------------

OS:
 Windows 11 , 64 bit Build 26100 (10.0.26100.3323)
OS uptime: 2 days 9:31 hours
Hyper-V role detected

CPU: total 8 (initial active 8) (8 cores per cpu, 2 threads per core) family 23 model 160 stepping 0 microcode 0x8a00006, cx8, cmov, fxsr, ht, mmx, 3dnowpref, sse, sse2, sse3, ssse3, sse4a, sse4.1, sse4.2, popcnt, lzcnt, tsc, tscinvbit, avx, avx2, aes, clmul, bmi1, bmi2, adx, sha, fma, vzeroupper, clflush, clflushopt, hv, rdtscp, rdpid, f16c
Processor Information for the first 8 processors :
  Max Mhz: 2401, Current Mhz: 2401, Mhz Limit: 2401

Memory: 4k page, system-wide physical 5877M (406M free)
TotalPageFile size 24309M (AvailPageFile size 69M)
current process WorkingSet (physical memory assigned to process): 13M, peak: 13M
current process commit charge ("private bytes"): 60M, peak: 152M

vm_info: OpenJDK 64-Bit Server VM (23.0.2+7-58) for windows-amd64 JRE (23.0.2+7-58), built on 2024-11-29T09:34:55Z with MS VC++ 17.6 (VS2022)

END.
